# OP_name                        resname atom1 atom2  OP_mean OP_stddev OP_stem
#--------------------------------------------------------------------
M_G1_M M_G1H1_M                POPC    C32   H321   0.18108  0.24720  0.01106
M_G1_M M_G1H2_M                POPC    C32   H322   0.02276  0.17324  0.00775
M_G1C3_M M_G1C3H1_M            POPC    C36   H361  -0.23442  0.06151  0.00275
M_G1C3_M M_G1C3H2_M            POPC    C36   H362  -0.21161  0.06713  0.00300
M_G1C4_M M_G1C4H1_M            POPC    C37   H371  -0.23618  0.04402  0.00197
M_G1C4_M M_G1C4H2_M            POPC    C37   H372  -0.22026  0.04951  0.00221
M_G1C5_M M_G1C5H1_M            POPC    C38   H381  -0.23116  0.04253  0.00190
M_G1C5_M M_G1C5H2_M            POPC    C38   H382  -0.22057  0.04461  0.00200
M_G1C6_M M_G1C6H1_M            POPC    C39   H391  -0.22939  0.03764  0.00168
M_G1C6_M M_G1C6H2_M            POPC    C39   H392  -0.22443  0.03819  0.00171
M_G1C7_M M_G1C7H1_M            POPC    C40   H401  -0.21936  0.03571  0.00160
M_G1C7_M M_G1C7H2_M            POPC    C40   H402  -0.21412  0.03540  0.00158
M_G1C8_M M_G1C8H1_M            POPC    C41   H411  -0.21440  0.03459  0.00155
M_G1C8_M M_G1C8H2_M            POPC    C41   H412  -0.21307  0.03485  0.00156
M_G1C9_M M_G1C9H1_M            POPC    C42   H421  -0.20251  0.03371  0.00151
M_G1C9_M M_G1C9H2_M            POPC    C42   H422  -0.20077  0.03363  0.00150
M_G1C10_M M_G1C10H1_M          POPC    C43   H431  -0.19265  0.03430  0.00153
M_G1C10_M M_G1C10H2_M          POPC    C43   H432  -0.19285  0.03415  0.00153
M_G1C11_M M_G1C11H1_M          POPC    C44   H441  -0.17599  0.03311  0.00148
M_G1C11_M M_G1C11H2_M          POPC    C44   H442  -0.17572  0.03261  0.00146
M_G1C12_M M_G1C12H1_M          POPC    C45   H451  -0.16392  0.03196  0.00143
M_G1C12_M M_G1C12H2_M          POPC    C45   H452  -0.16402  0.03210  0.00144
M_G1C13_M M_G1C13H1_M          POPC    C46   H461  -0.14548  0.02961  0.00132
M_G1C13_M M_G1C13H2_M          POPC    C46   H462  -0.14575  0.02891  0.00129
M_G1C14_M M_G1C14H1_M          POPC    C47   H471  -0.13119  0.02698  0.00121
M_G1C14_M M_G1C14H2_M          POPC    C47   H472  -0.13100  0.02688  0.00120
M_G1C15_M M_G1C15H1_M          POPC    C48   H481  -0.10862  0.02222  0.00099
M_G1C15_M M_G1C15H2_M          POPC    C48   H482  -0.10799  0.02197  0.00098
M_G1C16_M M_G1C16H1_M          POPC    C49   H491  -0.08648  0.01799  0.00080
M_G1C16_M M_G1C16H2_M          POPC    C49   H492  -0.08582  0.01826  0.00082
M_G1C17_M M_G1C17H1_M          POPC    C50   H501   0.10806  0.03331  0.00149
M_G1C17_M M_G1C17H2_M          POPC    C50   H502  -0.08682  0.01812  0.00081
M_G1C17_M M_G1C17H2_M          POPC    C50   H503  -0.08616  0.01840  0.00082
M_G2_M M_G2H1_M                POPC    C13   H131  -0.14602  0.16204  0.00725
M_G2C3_M M_G2C3H1_M            POPC    C17   H171  -0.17487  0.09459  0.00423
M_G2C3_M M_G2C3H2_M            POPC    C17   H172  -0.18463  0.06704  0.00300
M_G2C4_M M_G2C4H1_M            POPC    C18   H181  -0.18113  0.06520  0.00292
M_G2C4_M M_G2C4H2_M            POPC    C18   H182  -0.18733  0.05234  0.00234
M_G2C5_M M_G2C5H1_M            POPC    C19   H191  -0.20714  0.05076  0.00227
M_G2C5_M M_G2C5H2_M            POPC    C19   H192  -0.20719  0.04797  0.00215
M_G2C6_M M_G2C6H1_M            POPC    C20   H201  -0.21091  0.04282  0.00191
M_G2C6_M M_G2C6H2_M            POPC    C20   H202  -0.20676  0.04114  0.00184
M_G2C7_M M_G2C7H1_M            POPC    C21   H211  -0.19784  0.03650  0.00163
M_G2C7_M M_G2C7H2_M            POPC    C21   H212  -0.19178  0.03863  0.00173
M_G2C8_M M_G2C8H1_M            POPC    C22   H221  -0.20201  0.03659  0.00164
M_G2C8_M M_G2C8H2_M            POPC    C22   H222  -0.19760  0.03638  0.00163
M_G2C9_M M_G2C9H1_M            POPC    C23   H231  -0.16270  0.03096  0.00138
M_G2C9_M M_G2C9H2_M            POPC    C23   H232  -0.15763  0.03290  0.00147
M_G2C10_M M_G2C10H1_M          POPC    C24   H24   -0.09827  0.03421  0.00153
M_G2C11_M M_G2C11H1_M          POPC    C25   H25    0.00715  0.05465  0.00244
M_G2C12_M M_G2C12H1_M          POPC    C26   H261  -0.09596  0.03090  0.00138
M_G2C12_M M_G2C12H2_M          POPC    C26   H262  -0.09748  0.03218  0.00144
M_G2C13_M M_G2C13H1_M          POPC    C27   H271  -0.13533  0.03447  0.00154
M_G2C13_M M_G2C13H2_M          POPC    C27   H272  -0.13566  0.03514  0.00157
M_G2C14_M M_G2C14H1_M          POPC    C28   H281  -0.10760  0.03010  0.00135
M_G2C14_M M_G2C14H2_M          POPC    C28   H282  -0.10817  0.03013  0.00135
M_G2C15_M M_G2C15H1_M          POPC    C29   H291  -0.12091  0.02944  0.00132
M_G2C15_M M_G2C15H2_M          POPC    C29   H292  -0.12109  0.02904  0.00130
M_G2C16_M M_G2C16H1_M          POPC    C30   H301  -0.09703  0.02467  0.00110
M_G2C16_M M_G2C16H2_M          POPC    C30   H302  -0.09684  0.02430  0.00109
M_G2C17_M M_G2C17H1_M          POPC    C31   H311  -0.09617  0.02150  0.00096
M_G2C17_M M_G2C17H2_M          POPC    C31   H312  -0.09588  0.02119  0.00095
M_G2C18_M M_G2C18H1_M          POPC    CA1   H511  -0.06581  0.01501  0.00067
M_G2C18_M M_G2C18H2_M          POPC    CA1   H512  -0.06585  0.01487  0.00066
M_G2C19_M M_G2C19H1_M          POPC    CA2   H521   0.02682  0.01807  0.00081
M_G2C19_M M_G2C19H2_M          POPC    CA2   H522  -0.06548  0.01503  0.00067
M_G2C19_M M_G2C19H3_M          POPC    CA2   H523  -0.06556  0.01489  0.00067
M_G3_M M_G3H1_M                POPC    C12   H121  -0.29058  0.08550  0.00382
M_G3_M M_G3H2_M                POPC    C12   H122  -0.15951  0.16056  0.00718
M_G3C4_M M_G3C4H1_M            POPC    C6    H61    0.13356  0.15991  0.00715
M_G3C4_M M_G3C4H2_M            POPC    C6    H62    0.13602  0.16732  0.00748
M_G3C5_M M_G3C5H1_M            POPC    C5    H51    0.04021  0.12255  0.00548
M_G3C5_M M_G3C5H2_M            POPC    C5    H52    0.00327  0.13365  0.00598
M_G3N6C1_M M_G3N6C1H1_M        POPC    C1    H11    0.07019  0.15764  0.00705
M_G3N6C1_M M_G3N6C1H2_M        POPC    C1    H12   -0.02782  0.05905  0.00264
M_G3N6C1_M M_G3N6C1H3_M        POPC    C1    H13   -0.02553  0.05837  0.00261
M_G3N6C2_M M_G3N6C2H1_M        POPC    C2    H21    0.07084  0.15769  0.00705
M_G3N6C2_M M_G3N6C2H2_M        POPC    C2    H22   -0.02317  0.06213  0.00278
M_G3N6C2_M M_G3N6C2H3_M        POPC    C2    H23   -0.02920  0.05831  0.00261
M_G3N6C3_M M_G3N6C3H1_M        POPC    C3    H31    0.07074  0.15760  0.00705
M_G3N6C3_M M_G3N6C3H2_M        POPC    C3    H32   -0.02487  0.05933  0.00265
M_G3N6C3_M M_G3N6C3H3_M        POPC    C3    H33   -0.02424  0.06147  0.00275
